<?xml version="1.0" encoding="UTF-8"?>
<testsuite xmlns:xsi="http://www.w3.org/2001/XMLSchema-instance" xsi:noNamespaceSchemaLocation="https://maven.apache.org/surefire/maven-surefire-plugin/xsd/surefire-test-report-3.0.xsd" version="3.0" name="com.expensetracker.ExpenseTrackerIntegrationTest" time="17.308" tests="1" errors="0" skipped="0" failures="0">
  <properties>
[...]
</properties>
  <testcase name="testFullE2EFlow" classname="com.expensetracker.ExpenseTrackerIntegrationTest" time="3.092">
    <system-out><![CDATA[20:16:21.650 [main] INFO org.springframework.test.context.support.AnnotationConfigContextLoaderUtils -- Could not detect default configuration classes for test class [com.expensetracker.ExpenseTrackerIntegrationTest]: ExpenseTrackerIntegrationTest does not declare any static, non-private, non-final, nested classes annotated with @Configuration.
20:16:22.066 [main] INFO org.springframework.boot.test.context.SpringBootTestContextBootstrapper -- Found @SpringBootConfiguration com.expensetracker.ExpenseTrackerApplication for test class com.expensetracker.ExpenseTrackerIntegrationTest

  .   ____          _            __ _ _
 /\\ / ___'_ __ _ _(_)_ __  __ _ \ \ \ \
( ( )\___ | '_ | '_| | '_ \/ _` | \ \ \ \
 \\/  ___)| |_)| | | | | || (_| |  ) ) ) )
  '  |____| .__|_| |_|_| |_\__, | / / / /
 =========|_|==============|___/=/_/_/_/
 :: Spring Boot ::                (v3.2.5)

2026-07-07T20:16:23.090+05:30  INFO 26704 --- [expense-tracker] [           main] c.e.ExpenseTrackerIntegrationTest        : Starting ExpenseTrackerIntegrationTest using Java 17.0.13 with PID 26704 (started by sunil in C:\Users\sunil\.gemini\antigravity\scratch\expense-tracker\backend)
2026-07-07T20:16:23.092+05:30  INFO 26704 --- [expense-tracker] [           main] c.e.ExpenseTrackerIntegrationTest        : The following 1 profile is active: "h2"
2026-07-07T20:16:24.950+05:30  INFO 26704 --- [expense-tracker] [           main] .s.d.r.c.RepositoryConfigurationDelegate : Bootstrapping Spring Data JPA repositories in DEFAULT mode.
2026-07-07T20:16:25.199+05:30  INFO 26704 --- [expense-tracker] [           main] .s.d.r.c.RepositoryConfigurationDelegate : Finished Spring Data repository scanning in 147 ms. Found 4 JPA repository interfaces.
2026-07-07T20:16:26.273+05:30  INFO 26704 --- [expense-tracker] [           main] o.hibernate.jpa.internal.util.LogHelper  : HHH000204: Processing PersistenceUnitInfo [name: default]
2026-07-07T20:16:26.487+05:30  INFO 26704 --- [expense-tracker] [           main] org.hibernate.Version                    : HHH000412: Hibernate ORM core version 6.4.4.Final
2026-07-07T20:16:26.601+05:30  INFO 26704 --- [expense-tracker] [           main] o.h.c.internal.RegionFactoryInitiator    : HHH000026: Second-level cache disabled
2026-07-07T20:16:27.419+05:30  INFO 26704 --- [expense-tracker] [           main] o.s.o.j.p.SpringPersistenceUnitInfo      : No LoadTimeWeaver setup: ignoring JPA class transformer
2026-07-07T20:16:27.607+05:30  INFO 26704 --- [expense-tracker] [           main] com.zaxxer.hikari.HikariDataSource       : HikariPool-1 - Starting...
2026-07-07T20:16:28.208+05:30  INFO 26704 --- [expense-tracker] [           main] com.zaxxer.hikari.pool.HikariPool        : HikariPool-1 - Added connection conn0: url=jdbc:h2:mem:expensedb user=SA
2026-07-07T20:16:28.211+05:30  INFO 26704 --- [expense-tracker] [           main] com.zaxxer.hikari.HikariDataSource       : HikariPool-1 - Start completed.
2026-07-07T20:16:28.271+05:30  WARN 26704 --- [expense-tracker] [           main] org.hibernate.orm.deprecation            : HHH90000025: H2Dialect does not need to be specified explicitly using 'hibernate.dialect' (remove the property setting and it will be selected by default)
2026-07-07T20:16:30.387+05:30  INFO 26704 --- [expense-tracker] [           main] o.h.e.t.j.p.i.JtaPlatformInitiator       : HHH000489: No JTA platform available (set 'hibernate.transaction.jta.platform' to enable JTA platform integration)
2026-07-07T20:16:30.401+05:30  INFO 26704 --- [expense-tracker] [           main] j.LocalContainerEntityManagerFactoryBean : Initialized JPA EntityManagerFactory for persistence unit 'default'
2026-07-07T20:16:31.608+05:30  INFO 26704 --- [expense-tracker] [           main] o.s.d.j.r.query.QueryEnhancerFactory     : Hibernate is in classpath; If applicable, HQL parser will be used.
2026-07-07T20:16:33.686+05:30  WARN 26704 --- [expense-tracker] [           main] JpaBaseConfiguration$JpaWebConfiguration : spring.jpa.open-in-view is enabled by default. Therefore, database queries may be performed during view rendering. Explicitly configure spring.jpa.open-in-view to disable this warning
2026-07-07T20:16:34.607+05:30  INFO 26704 --- [expense-tracker] [           main] o.s.s.web.DefaultSecurityFilterChain     : Will secure any request with [org.springframework.security.web.session.DisableEncodeUrlFilter@23b824b3, org.springframework.security.web.context.request.async.WebAsyncManagerIntegrationFilter@759d44a3, org.springframework.security.web.context.SecurityContextHolderFilter@524b1c70, org.springframework.security.web.header.HeaderWriterFilter@3dbdcfa2, org.springframework.web.filter.CorsFilter@56d1efec, org.springframework.security.web.authentication.logout.LogoutFilter@3117fd8, com.expensetracker.security.JwtAuthenticationFilter@6b5e9923, org.springframework.security.web.savedrequest.RequestCacheAwareFilter@420cf372, org.springframework.security.web.servletapi.SecurityContextHolderAwareRequestFilter@708a0150, org.springframework.security.web.authentication.AnonymousAuthenticationFilter@2f21994d, org.springframework.security.web.session.SessionManagementFilter@21a8998c, org.springframework.security.web.access.ExceptionTranslationFilter@53b464b9, org.springframework.security.web.access.intercept.AuthorizationFilter@32cc87e0]
2026-07-07T20:16:35.182+05:30  INFO 26704 --- [expense-tracker] [           main] o.s.b.a.h2.H2ConsoleAutoConfiguration    : H2 console available at '/h2-console'. Database available at 'jdbc:h2:mem:expensedb'
2026-07-07T20:16:35.447+05:30  INFO 26704 --- [expense-tracker] [           main] o.s.b.t.m.w.SpringBootMockServletContext : Initializing Spring TestDispatcherServlet ''
2026-07-07T20:16:35.448+05:30  INFO 26704 --- [expense-tracker] [           main] o.s.t.web.servlet.TestDispatcherServlet  : Initializing Servlet ''
2026-07-07T20:16:35.450+05:30  INFO 26704 --- [expense-tracker] [           main] o.s.t.web.servlet.TestDispatcherServlet  : Completed initialization in 2 ms
2026-07-07T20:16:35.501+05:30  INFO 26704 --- [expense-tracker] [           main] c.e.ExpenseTrackerIntegrationTest        : Started ExpenseTrackerIntegrationTest in 12.938 seconds (process running for 15.132)
Hibernate: 
    select
        t1_0.id,
        t1_0.amount,
        t1_0.category_id,
        t1_0.created_at,
        t1_0.description,
        t1_0.transaction_date,
        t1_0.transaction_type_id,
        t1_0.user_id 
    from
        transactions t1_0
Hibernate: 
    select
        u1_0.id,
        u1_0.created_at,
        u1_0.email,
        u1_0.password_hash,
        u1_0.username 
    from
        users u1_0
Hibernate: 
    select
        u1_0.id 
    from
        users u1_0 
    where
        u1_0.username=? 
    fetch
        first ? rows only
Hibernate: 
    select
        u1_0.id 
    from
        users u1_0 
    where
        u1_0.email=? 
    fetch
        first ? rows only
Hibernate: 
    insert 
    into
        users
        (created_at, email, password_hash, username, id) 
    values
        (?, ?, ?, ?, default)
Hibernate: 
    select
        u1_0.id,
        u1_0.created_at,
        u1_0.email,
        u1_0.password_hash,
        u1_0.username 
    from
        users u1_0 
    where
        u1_0.username=?
Hibernate: 
    select
        u1_0.id,
        u1_0.created_at,
        u1_0.email,
        u1_0.password_hash,
        u1_0.username 
    from
        users u1_0 
    where
        u1_0.username=?
Hibernate: 
    select
        u1_0.id,
        u1_0.created_at,
        u1_0.email,
        u1_0.password_hash,
        u1_0.username 
    from
        users u1_0 
    where
        u1_0.username=?
Hibernate: 
    select
        tt1_0.id,
        tt1_0.name 
    from
        transaction_types tt1_0 
    where
        tt1_0.id=?
Hibernate: 
    select
        count(c1_0.id)>0 
    from
        categories c1_0 
    where
        lower(c1_0.name)=lower(?) 
        and c1_0.transaction_type_id=? 
        and (
            c1_0.user_id is null 
            or c1_0.user_id=?
        )
Hibernate: 
    insert 
    into
        categories
        (created_at, name, transaction_type_id, user_id, id) 
    values
        (?, ?, ?, ?, default)
Hibernate: 
    select
        u1_0.id,
        u1_0.created_at,
        u1_0.email,
        u1_0.password_hash,
        u1_0.username 
    from
        users u1_0 
    where
        u1_0.username=?
Hibernate: 
    select
        u1_0.id,
        u1_0.created_at,
        u1_0.email,
        u1_0.password_hash,
        u1_0.username 
    from
        users u1_0 
    where
        u1_0.username=?
Hibernate: 
    select
        tt1_0.id,
        tt1_0.name 
    from
        transaction_types tt1_0 
    where
        tt1_0.id=?
Hibernate: 
    select
        c1_0.id,
        c1_0.created_at,
        c1_0.name,
        c1_0.transaction_type_id,
        c1_0.user_id 
    from
        categories c1_0 
    where
        c1_0.id=? 
        and (
            c1_0.user_id is null 
            or c1_0.user_id=?
        )
Hibernate: 
    insert 
    into
        transactions
        (amount, category_id, created_at, description, transaction_date, transaction_type_id, user_id, id) 
    values
        (?, ?, ?, ?, ?, ?, ?, default)
Hibernate: 
    select
        u1_0.id,
        u1_0.created_at,
        u1_0.email,
        u1_0.password_hash,
        u1_0.username 
    from
        users u1_0 
    where
        u1_0.username=?
Hibernate: 
    select
        u1_0.id,
        u1_0.created_at,
        u1_0.email,
        u1_0.password_hash,
        u1_0.username 
    from
        users u1_0 
    where
        u1_0.username=?
Hibernate: 
    select
        tt1_0.id,
        tt1_0.name 
    from
        transaction_types tt1_0 
    where
        tt1_0.id=?
Hibernate: 
    select
        c1_0.id,
        c1_0.created_at,
        c1_0.name,
        c1_0.transaction_type_id,
        c1_0.user_id 
    from
        categories c1_0 
    where
        c1_0.id=? 
        and (
            c1_0.user_id is null 
            or c1_0.user_id=?
        )
Hibernate: 
    insert 
    into
        transactions
        (amount, category_id, created_at, description, transaction_date, transaction_type_id, user_id, id) 
    values
        (?, ?, ?, ?, ?, ?, ?, default)
Hibernate: 
    select
        u1_0.id,
        u1_0.created_at,
        u1_0.email,
        u1_0.password_hash,
        u1_0.username 
    from
        users u1_0 
    where
        u1_0.username=?
Hibernate: 
    select
        u1_0.id,
        u1_0.created_at,
        u1_0.email,
        u1_0.password_hash,
        u1_0.username 
    from
        users u1_0 
    where
        u1_0.username=?
Hibernate: 
    select
        tt1_0.id,
        tt1_0.name 
    from
        transaction_types tt1_0 
    where
        tt1_0.id=?
Hibernate: 
    select
        c1_0.id,
        c1_0.created_at,
        c1_0.name,
        c1_0.transaction_type_id,
        c1_0.user_id 
    from
        categories c1_0 
    where
        c1_0.id=? 
        and (
            c1_0.user_id is null 
            or c1_0.user_id=?
        )
Hibernate: 
    insert 
    into
        transactions
        (amount, category_id, created_at, description, transaction_date, transaction_type_id, user_id, id) 
    values
        (?, ?, ?, ?, ?, ?, ?, default)
Hibernate: 
    select
        u1_0.id,
        u1_0.created_at,
        u1_0.email,
        u1_0.password_hash,
        u1_0.username 
    from
        users u1_0 
    where
        u1_0.username=?
Hibernate: 
    select
        u1_0.id,
        u1_0.created_at,
        u1_0.email,
        u1_0.password_hash,
        u1_0.username 
    from
        users u1_0 
    where
        u1_0.username=?
Hibernate: 
    select
        coalesce(sum(t1_0.amount), 0) 
    from
        transactions t1_0 
    where
        t1_0.user_id=? 
        and t1_0.transaction_type_id=?
Hibernate: 
    select
        coalesce(sum(t1_0.amount), 0) 
    from
        transactions t1_0 
    where
        t1_0.user_id=? 
        and t1_0.transaction_type_id=?
Hibernate: 
    select
        u1_0.id,
        u1_0.created_at,
        u1_0.email,
        u1_0.password_hash,
        u1_0.username 
    from
        users u1_0 
    where
        u1_0.username=?
Hibernate: 
    select
        u1_0.id,
        u1_0.created_at,
        u1_0.email,
        u1_0.password_hash,
        u1_0.username 
    from
        users u1_0 
    where
        u1_0.username=?
Hibernate: 
    select
        t1_0.id,
        t1_0.amount,
        t1_0.category_id,
        t1_0.created_at,
        t1_0.description,
        t1_0.transaction_date,
        t1_0.transaction_type_id,
        t1_0.user_id 
    from
        transactions t1_0 
    where
        t1_0.user_id=? 
        and (
            ? is null 
            or lower(t1_0.description) like lower(('%'||?||'%')) escape ''
        ) 
        and (
            ? is null 
            or t1_0.category_id=?
        ) 
        and (
            ? is null 
            or t1_0.transaction_type_id=?
        ) 
        and (
            ? is null 
            or t1_0.transaction_date>=?
        ) 
        and (
            ? is null 
            or t1_0.transaction_date<=?
        ) 
    order by
        t1_0.transaction_date desc 
    offset
        ? rows 
    fetch
        first ? rows only
Hibernate: 
    select
        c1_0.id,
        c1_0.created_at,
        c1_0.name,
        c1_0.transaction_type_id,
        tt1_0.id,
        tt1_0.name,
        c1_0.user_id 
    from
        categories c1_0 
    join
        transaction_types tt1_0 
            on tt1_0.id=c1_0.transaction_type_id 
    where
        c1_0.id=?
Hibernate: 
    select
        u1_0.id,
        u1_0.created_at,
        u1_0.email,
        u1_0.password_hash,
        u1_0.username 
    from
        users u1_0 
    where
        u1_0.username=?
Hibernate: 
    select
        u1_0.id,
        u1_0.created_at,
        u1_0.email,
        u1_0.password_hash,
        u1_0.username 
    from
        users u1_0 
    where
        u1_0.username=?
Hibernate: 
    select
        t1_0.id,
        t1_0.amount,
        t1_0.category_id,
        t1_0.created_at,
        t1_0.description,
        t1_0.transaction_date,
        t1_0.transaction_type_id,
        t1_0.user_id 
    from
        transactions t1_0 
    where
        t1_0.user_id=? 
        and (
            ? is null 
            or lower(t1_0.description) like lower(('%'||?||'%')) escape ''
        ) 
        and (
            ? is null 
            or t1_0.category_id=?
        ) 
        and (
            ? is null 
            or t1_0.transaction_type_id=?
        ) 
        and (
            ? is null 
            or t1_0.transaction_date>=?
        ) 
        and (
            ? is null 
            or t1_0.transaction_date<=?
        ) 
    order by
        t1_0.transaction_date desc 
    offset
        ? rows 
    fetch
        first ? rows only
Hibernate: 
    select
        c1_0.id,
        c1_0.created_at,
        c1_0.name,
        c1_0.transaction_type_id,
        tt1_0.id,
        tt1_0.name,
        c1_0.user_id 
    from
        categories c1_0 
    join
        transaction_types tt1_0 
            on tt1_0.id=c1_0.transaction_type_id 
    where
        c1_0.id=?
Hibernate: 
    select
        c1_0.id,
        c1_0.created_at,
        c1_0.name,
        c1_0.transaction_type_id,
        tt1_0.id,
        tt1_0.name,
        c1_0.user_id 
    from
        categories c1_0 
    join
        transaction_types tt1_0 
            on tt1_0.id=c1_0.transaction_type_id 
    where
        c1_0.id=?
Hibernate: 
    select
        u1_0.id,
        u1_0.created_at,
        u1_0.email,
        u1_0.password_hash,
        u1_0.username 
    from
        users u1_0 
    where
        u1_0.username=?
Hibernate: 
    select
        u1_0.id,
        u1_0.created_at,
        u1_0.email,
        u1_0.password_hash,
        u1_0.username 
    from
        users u1_0 
    where
        u1_0.username=?
Hibernate: 
    select
        t1_0.category_id,
        c1_0.name,
        tt1_0.name,
        sum(t1_0.amount) 
    from
        transactions t1_0 
    join
        categories c1_0 
            on c1_0.id=t1_0.category_id 
    join
        transaction_types tt1_0 
            on tt1_0.id=t1_0.transaction_type_id 
    where
        t1_0.user_id=? 
    group by
        t1_0.category_id,
        c1_0.name,
        tt1_0.name
]]></system-out>
  </testcase>
</testsuite>